Arguments: 
  /usr/local/bin/node /usr/local/Cellar/yarn/1.12.3/libexec/bin/yarn.js add express

PATH: 
  /Users/dee/.composer/vendor/bin:/Users/dee/.composer/vendor/bin:/usr/local/bin:/usr/bin:/bin:/usr/sbin:/sbin:/Applications/Postgres.app/Contents/Versions/latest/bin:/Users/dee/.composer/vendor/bin

Yarn version: 
  1.12.3

Node version: 
  10.15.1

Platform: 
  darwin x64

Trace: 
  Error: getaddrinfo ENOTFOUND registry.yarnpkg.com registry.yarnpkg.com:443
      at GetAddrInfoReqWrap.onlookup [as oncomplete] (dns.js:57:26)

npm manifest: 
  {
    "name": "Express-GraphQL-book-api",
    "version": "1.0.0",
    "main": "index.js",
    "repository": "https://github.com/MuhweziDeo/Express-GraphQL-book-api.git",
    "author": "muhwezi deo <aggrey256@gmail.com>",
    "license": "MIT"
  }

yarn manifest: 
  No manifest

Lockfile: 
  No lockfile
